# JRE version: Java(TM) SE Runtime Environment (8.0_121-b13) (build 1.8.0_121-b13)
# Java VM: Java HotSpot(TM) 64-Bit Server VM (25.121-b13 mixed mode linux-amd64 compressed oops)
Heap:
 PSYoungGen      total 2330112K, used 0K [0x00000006eab00000, 0x00000007c0000000, 0x00000007c0000000)
  eden space 1165312K, 0% used [0x00000006eab00000,0x00000006eab00000,0x0000000731d00000)
  from space 1164800K, 0% used [0x0000000778e80000,0x0000000778e80000,0x00000007c0000000)
  to   space 1164800K, 0% used [0x0000000731d00000,0x0000000731d00000,0x0000000778e80000)
 ParOldGen       total 4487680K, used 2315358K [0x0000000540000000, 0x0000000651e80000, 0x00000006eab00000)
  object space 4487680K, 51% used [0x0000000540000000,0x00000005cd5179c0,0x0000000651e80000)
 Metaspace       used 57882K, capacity 58622K, committed 58752K, reserved 1099776K
  class space    used 8115K, capacity 8311K, committed 8320K, reserved 1048576K
GC Heap History (10 events):
Event: 31.478 GC heap after
Heap after GC invocations=20 (full 6):
 PSYoungGen      total 2330112K, used 745334K [0x00000006eab00000, 0x00000007c0000000, 0x00000007c0000000)
  eden space 1165312K, 0% used [0x00000006eab00000,0x00000006eab00000,0x0000000731d00000)
  from space 1164800K, 63% used [0x0000000778e80000,0x00000007a665daf0,0x00000007c0000000)
  to   space 1164800K, 0% used [0x0000000731d00000,0x0000000731d00000,0x0000000778e80000)
 ParOldGen       total 4473856K, used 1656590K [0x0000000540000000, 0x0000000651100000, 0x00000006eab00000)
  object space 4473856K, 37% used [0x0000000540000000,0x00000005a51c39a0,0x0000000651100000)
 Metaspace       used 57747K, capacity 58478K, committed 58752K, reserved 1099776K
  class space    used 8098K, capacity 8287K, committed 8320K, reserved 1048576K
}
Event: 32.067 GC heap before
{Heap before GC invocations=21 (full 6):
 PSYoungGen      total 2330112K, used 1910646K [0x00000006eab00000, 0x00000007c0000000, 0x00000007c0000000)
  eden space 1165312K, 100% used [0x00000006eab00000,0x0000000731d00000,0x0000000731d00000)
  from space 1164800K, 63% used [0x0000000778e80000,0x00000007a665daf0,0x00000007c0000000)
  to   space 1164800K, 0% used [0x0000000731d00000,0x0000000731d00000,0x0000000778e80000)
 ParOldGen       total 4473856K, used 1656590K [0x0000000540000000, 0x0000000651100000, 0x00000006eab00000)
  object space 4473856K, 37% used [0x0000000540000000,0x00000005a51c39a0,0x0000000651100000)
 Metaspace       used 57747K, capacity 58478K, committed 58752K, reserved 1099776K
  class space    used 8098K, capacity 8287K, committed 8320K, reserved 1048576K
Event: 32.231 GC heap after
Heap after GC invocations=21 (full 6):
 PSYoungGen      total 2330112K, used 471131K [0x00000006eab00000, 0x00000007c0000000, 0x00000007c0000000)
  eden space 1165312K, 0% used [0x00000006eab00000,0x00000006eab00000,0x0000000731d00000)
  from space 1164800K, 40% used [0x0000000731d00000,0x000000074e916f30,0x0000000778e80000)
  to   space 1164800K, 0% used [0x0000000778e80000,0x0000000778e80000,0x00000007c0000000)
 ParOldGen       total 4473856K, used 2401802K [0x0000000540000000, 0x0000000651100000, 0x00000006eab00000)
  object space 4473856K, 53% used [0x0000000540000000,0x00000005d29828f0,0x0000000651100000)
 Metaspace       used 57747K, capacity 58478K, committed 58752K, reserved 1099776K
  class space    used 8098K, capacity 8287K, committed 8320K, reserved 1048576K
}
Event: 32.826 GC heap before
{Heap before GC invocations=22 (full 6):
 PSYoungGen      total 2330112K, used 1636239K [0x00000006eab00000, 0x00000007c0000000, 0x00000007c0000000)
  eden space 1165312K, 99% used [0x00000006eab00000,0x0000000731cccf58,0x0000000731d00000)
  from space 1164800K, 40% used [0x0000000731d00000,0x000000074e916f30,0x0000000778e80000)
  to   space 1164800K, 0% used [0x0000000778e80000,0x0000000778e80000,0x00000007c0000000)
 ParOldGen       total 4473856K, used 2401802K [0x0000000540000000, 0x0000000651100000, 0x00000006eab00000)
  object space 4473856K, 53% used [0x0000000540000000,0x00000005d29828f0,0x0000000651100000)
 Metaspace       used 57865K, capacity 58622K, committed 58752K, reserved 1099776K
  class space    used 8115K, capacity 8311K, committed 8320K, reserved 1048576K
Event: 33.230 GC heap after
Heap after GC invocations=22 (full 6):
 PSYoungGen      total 2330112K, used 942220K [0x00000006eab00000, 0x00000007c0000000, 0x00000007c0000000)
  eden space 1165312K, 0% used [0x00000006eab00000,0x00000006eab00000,0x0000000731d00000)
  from space 1164800K, 80% used [0x0000000778e80000,0x00000007b26a3000,0x00000007c0000000)
  to   space 1164800K, 0% used [0x0000000731d00000,0x0000000731d00000,0x0000000778e80000)
 ParOldGen       total 4473856K, used 2401810K [0x0000000540000000, 0x0000000651100000, 0x00000006eab00000)
  object space 4473856K, 53% used [0x0000000540000000,0x00000005d29848f0,0x0000000651100000)
 Metaspace       used 57865K, capacity 58622K, committed 58752K, reserved 1099776K
  class space    used 8115K, capacity 8311K, committed 8320K, reserved 1048576K
}
Event: 40.318 GC heap before
{Heap before GC invocations=23 (full 6):
 PSYoungGen      total 2330112K, used 2107532K [0x00000006eab00000, 0x00000007c0000000, 0x00000007c0000000)
  eden space 1165312K, 100% used [0x00000006eab00000,0x0000000731d00000,0x0000000731d00000)
  from space 1164800K, 80% used [0x0000000778e80000,0x00000007b26a3000,0x00000007c0000000)
  to   space 1164800K, 0% used [0x0000000731d00000,0x0000000731d00000,0x0000000778e80000)
 ParOldGen       total 4473856K, used 2401810K [0x0000000540000000, 0x0000000651100000, 0x00000006eab00000)
  object space 4473856K, 53% used [0x0000000540000000,0x00000005d29848f0,0x0000000651100000)
 Metaspace       used 57876K, capacity 58622K, committed 58752K, reserved 1099776K
  class space    used 8115K, capacity 8311K, committed 8320K, reserved 1048576K
Event: 41.277 GC heap after
Heap after GC invocations=23 (full 6):
 PSYoungGen      total 2330112K, used 1143884K [0x00000006eab00000, 0x00000007c0000000, 0x00000007c0000000)
  eden space 1165312K, 0% used [0x00000006eab00000,0x00000006eab00000,0x0000000731d00000)
  from space 1164800K, 98% used [0x0000000731d00000,0x0000000777a13048,0x0000000778e80000)
  to   space 1164800K, 0% used [0x0000000778e80000,0x0000000778e80000,0x00000007c0000000)
 ParOldGen       total 4473856K, used 3343966K [0x0000000540000000, 0x0000000651100000, 0x00000006eab00000)
  object space 4473856K, 74% used [0x0000000540000000,0x000000060c197910,0x0000000651100000)
 Metaspace       used 57876K, capacity 58622K, committed 58752K, reserved 1099776K
  class space    used 8115K, capacity 8311K, committed 8320K, reserved 1048576K
}
Event: 41.716 GC heap before
{Heap before GC invocations=24 (full 6):
 PSYoungGen      total 2330112K, used 2309196K [0x00000006eab00000, 0x00000007c0000000, 0x00000007c0000000)
  eden space 1165312K, 100% used [0x00000006eab00000,0x0000000731d00000,0x0000000731d00000)
  from space 1164800K, 98% used [0x0000000731d00000,0x0000000777a13048,0x0000000778e80000)
  to   space 1164800K, 0% used [0x0000000778e80000,0x0000000778e80000,0x00000007c0000000)
 ParOldGen       total 4473856K, used 3343966K [0x0000000540000000, 0x0000000651100000, 0x00000006eab00000)
  object space 4473856K, 74% used [0x0000000540000000,0x000000060c197910,0x0000000651100000)
 Metaspace       used 57882K, capacity 58622K, committed 58752K, reserved 1099776K
  class space    used 8115K, capacity 8311K, committed 8320K, reserved 1048576K
Event: 46.302 GC heap after
Heap after GC invocations=24 (full 6):
 PSYoungGen      total 2330112K, used 1125913K [0x00000006eab00000, 0x00000007c0000000, 0x00000007c0000000)
  eden space 1165312K, 0% used [0x00000006eab00000,0x00000006eab00000,0x0000000731d00000)
  from space 1164800K, 96% used [0x0000000778e80000,0x00000007bda06490,0x00000007c0000000)
  to   space 1164800K, 0% used [0x0000000731d00000,0x0000000731d00000,0x0000000778e80000)
 ParOldGen       total 4487680K, used 4487566K [0x0000000540000000, 0x0000000651e80000, 0x00000006eab00000)
  object space 4487680K, 99% used [0x0000000540000000,0x0000000651e63ae8,0x0000000651e80000)
 Metaspace       used 57882K, capacity 58622K, committed 58752K, reserved 1099776K
  class space    used 8115K, capacity 8311K, committed 8320K, reserved 1048576K
}
Event: 46.302 GC heap before
{Heap before GC invocations=25 (full 7):
 PSYoungGen      total 2330112K, used 1125913K [0x00000006eab00000, 0x00000007c0000000, 0x00000007c0000000)
  eden space 1165312K, 0% used [0x00000006eab00000,0x00000006eab00000,0x0000000731d00000)
  from space 1164800K, 96% used [0x0000000778e80000,0x00000007bda06490,0x00000007c0000000)
  to   space 1164800K, 0% used [0x0000000731d00000,0x0000000731d00000,0x0000000778e80000)
 ParOldGen       total 4487680K, used 4487566K [0x0000000540000000, 0x0000000651e80000, 0x00000006eab00000)
  object space 4487680K, 99% used [0x0000000540000000,0x0000000651e63ae8,0x0000000651e80000)
 Metaspace       used 57882K, capacity 58622K, committed 58752K, reserved 1099776K
  class space    used 8115K, capacity 8311K, committed 8320K, reserved 1048576K

