# JRE version: Java(TM) SE Runtime Environment (8.0_121-b13) (build 1.8.0_121-b13)
# Java VM: Java HotSpot(TM) 64-Bit Server VM (25.121-b13 mixed mode linux-amd64 compressed oops)
Heap:
 PSYoungGen      total 2330112K, used 0K [0x00000006eab00000, 0x00000007c0000000, 0x00000007c0000000)
  eden space 1165312K, 0% used [0x00000006eab00000,0x00000006eab00000,0x0000000731d00000)
  from space 1164800K, 0% used [0x0000000778e80000,0x0000000778e80000,0x00000007c0000000)
  to   space 1164800K, 0% used [0x0000000731d00000,0x0000000731d00000,0x0000000778e80000)
 ParOldGen       total 6014464K, used 2305827K [0x0000000540000000, 0x00000006af180000, 0x00000006eab00000)
  object space 6014464K, 38% used [0x0000000540000000,0x00000005ccbc8e78,0x00000006af180000)
 Metaspace       used 59711K, capacity 60296K, committed 60632K, reserved 1101824K
  class space    used 8684K, capacity 8839K, committed 8960K, reserved 1048576K
GC Heap History (10 events):
Event: 86.726 GC heap after
Heap after GC invocations=28 (full 8):
 PSYoungGen      total 2330112K, used 999254K [0x00000006eab00000, 0x00000007c0000000, 0x00000007c0000000)
  eden space 1165312K, 0% used [0x00000006eab00000,0x00000006eab00000,0x0000000731d00000)
  from space 1164800K, 85% used [0x0000000778e80000,0x00000007b5e55800,0x00000007c0000000)
  to   space 1164800K, 0% used [0x0000000731d00000,0x0000000731d00000,0x0000000778e80000)
 ParOldGen       total 6014464K, used 1877573K [0x0000000540000000, 0x00000006af180000, 0x00000006eab00000)
  object space 6014464K, 31% used [0x0000000540000000,0x00000005b29916b0,0x00000006af180000)
 Metaspace       used 59604K, capacity 60172K, committed 60248K, reserved 1101824K
  class space    used 8678K, capacity 8829K, committed 8832K, reserved 1048576K
}
Event: 90.416 GC heap before
{Heap before GC invocations=29 (full 8):
 PSYoungGen      total 2330112K, used 2163429K [0x00000006eab00000, 0x00000007c0000000, 0x00000007c0000000)
  eden space 1165312K, 99% used [0x00000006eab00000,0x0000000731be3fe8,0x0000000731d00000)
  from space 1164800K, 85% used [0x0000000778e80000,0x00000007b5e55800,0x00000007c0000000)
  to   space 1164800K, 0% used [0x0000000731d00000,0x0000000731d00000,0x0000000778e80000)
 ParOldGen       total 6014464K, used 1877573K [0x0000000540000000, 0x00000006af180000, 0x00000006eab00000)
  object space 6014464K, 31% used [0x0000000540000000,0x00000005b29916b0,0x00000006af180000)
 Metaspace       used 59651K, capacity 60236K, committed 60504K, reserved 1101824K
  class space    used 8678K, capacity 8829K, committed 8832K, reserved 1048576K
Event: 94.504 GC heap after
Heap after GC invocations=29 (full 8):
 PSYoungGen      total 2330112K, used 471163K [0x00000006eab00000, 0x00000007c0000000, 0x00000007c0000000)
  eden space 1165312K, 0% used [0x00000006eab00000,0x00000006eab00000,0x0000000731d00000)
  from space 1164800K, 40% used [0x0000000731d00000,0x000000074e91ef40,0x0000000778e80000)
  to   space 1164800K, 0% used [0x0000000778e80000,0x0000000778e80000,0x00000007c0000000)
 ParOldGen       total 6014464K, used 2405636K [0x0000000540000000, 0x00000006af180000, 0x00000006eab00000)
  object space 6014464K, 39% used [0x0000000540000000,0x00000005d2d413e0,0x00000006af180000)
 Metaspace       used 59651K, capacity 60236K, committed 60504K, reserved 1101824K
  class space    used 8678K, capacity 8829K, committed 8832K, reserved 1048576K
}
Event: 97.807 GC heap before
{Heap before GC invocations=30 (full 8):
 PSYoungGen      total 2330112K, used 1549419K [0x00000006eab00000, 0x00000007c0000000, 0x00000007c0000000)
  eden space 1165312K, 92% used [0x00000006eab00000,0x000000072c7fc078,0x0000000731d00000)
  from space 1164800K, 40% used [0x0000000731d00000,0x000000074e91ef40,0x0000000778e80000)
  to   space 1164800K, 0% used [0x0000000778e80000,0x0000000778e80000,0x00000007c0000000)
 ParOldGen       total 6014464K, used 2405636K [0x0000000540000000, 0x00000006af180000, 0x00000006eab00000)
  object space 6014464K, 39% used [0x0000000540000000,0x00000005d2d413e0,0x00000006af180000)
 Metaspace       used 59707K, capacity 60296K, committed 60632K, reserved 1101824K
  class space    used 8684K, capacity 8839K, committed 8960K, reserved 1048576K
Event: 101.872 GC heap after
Heap after GC invocations=30 (full 8):
 PSYoungGen      total 2330112K, used 942340K [0x00000006eab00000, 0x00000007c0000000, 0x00000007c0000000)
  eden space 1165312K, 0% used [0x00000006eab00000,0x00000006eab00000,0x0000000731d00000)
  from space 1164800K, 80% used [0x0000000778e80000,0x00000007b26c1268,0x00000007c0000000)
  to   space 1164800K, 0% used [0x0000000731d00000,0x0000000731d00000,0x0000000778e80000)
 ParOldGen       total 6014464K, used 2876682K [0x0000000540000000, 0x00000006af180000, 0x00000006eab00000)
  object space 6014464K, 47% used [0x0000000540000000,0x00000005ef942bf0,0x00000006af180000)
 Metaspace       used 59707K, capacity 60296K, committed 60632K, reserved 1101824K
  class space    used 8684K, capacity 8839K, committed 8960K, reserved 1048576K
}
Event: 102.638 GC heap before
{Heap before GC invocations=31 (full 8):
 PSYoungGen      total 2330112K, used 1920555K [0x00000006eab00000, 0x00000007c0000000, 0x00000007c0000000)
  eden space 1165312K, 83% used [0x00000006eab00000,0x0000000726649b38,0x0000000731d00000)
  from space 1164800K, 80% used [0x0000000778e80000,0x00000007b26c1268,0x00000007c0000000)
  to   space 1164800K, 0% used [0x0000000731d00000,0x0000000731d00000,0x0000000778e80000)
 ParOldGen       total 6014464K, used 2876682K [0x0000000540000000, 0x00000006af180000, 0x00000006eab00000)
  object space 6014464K, 47% used [0x0000000540000000,0x00000005ef942bf0,0x00000006af180000)
 Metaspace       used 59709K, capacity 60296K, committed 60632K, reserved 1101824K
  class space    used 8684K, capacity 8839K, committed 8960K, reserved 1048576K
Event: 110.501 GC heap after
Heap after GC invocations=31 (full 8):
 PSYoungGen      total 2330112K, used 942512K [0x00000006eab00000, 0x00000007c0000000, 0x00000007c0000000)
  eden space 1165312K, 0% used [0x00000006eab00000,0x00000006eab00000,0x0000000731d00000)
  from space 1164800K, 80% used [0x0000000731d00000,0x000000076b56c080,0x0000000778e80000)
  to   space 1164800K, 0% used [0x0000000778e80000,0x0000000778e80000,0x00000007c0000000)
 ParOldGen       total 6014464K, used 4290134K [0x0000000540000000, 0x00000006af180000, 0x00000006eab00000)
  object space 6014464K, 71% used [0x0000000540000000,0x0000000645d958b0,0x00000006af180000)
 Metaspace       used 59709K, capacity 60296K, committed 60632K, reserved 1101824K
  class space    used 8684K, capacity 8839K, committed 8960K, reserved 1048576K
}
Event: 111.664 GC heap before
{Heap before GC invocations=32 (full 8):
 PSYoungGen      total 2330112K, used 2107824K [0x00000006eab00000, 0x00000007c0000000, 0x00000007c0000000)
  eden space 1165312K, 100% used [0x00000006eab00000,0x0000000731d00000,0x0000000731d00000)
  from space 1164800K, 80% used [0x0000000731d00000,0x000000076b56c080,0x0000000778e80000)
  to   space 1164800K, 0% used [0x0000000778e80000,0x0000000778e80000,0x00000007c0000000)
 ParOldGen       total 6014464K, used 4290134K [0x0000000540000000, 0x00000006af180000, 0x00000006eab00000)
  object space 6014464K, 71% used [0x0000000540000000,0x0000000645d958b0,0x00000006af180000)
 Metaspace       used 59711K, capacity 60296K, committed 60632K, reserved 1101824K
  class space    used 8684K, capacity 8839K, committed 8960K, reserved 1048576K
Event: 117.137 GC heap after
Heap after GC invocations=32 (full 8):
 PSYoungGen      total 2330112K, used 842528K [0x00000006eab00000, 0x00000007c0000000, 0x00000007c0000000)
  eden space 1165312K, 0% used [0x00000006eab00000,0x00000006eab00000,0x0000000731d00000)
  from space 1164800K, 72% used [0x0000000778e80000,0x00000007ac548110,0x00000007c0000000)
  to   space 1164800K, 0% used [0x0000000731d00000,0x0000000731d00000,0x0000000778e80000)
 ParOldGen       total 6014464K, used 5703700K [0x0000000540000000, 0x00000006af180000, 0x00000006eab00000)
  object space 6014464K, 94% used [0x0000000540000000,0x000000069c205370,0x00000006af180000)
 Metaspace       used 59711K, capacity 60296K, committed 60632K, reserved 1101824K
  class space    used 8684K, capacity 8839K, committed 8960K, reserved 1048576K
}
Event: 117.137 GC heap before
{Heap before GC invocations=33 (full 9):
 PSYoungGen      total 2330112K, used 842528K [0x00000006eab00000, 0x00000007c0000000, 0x00000007c0000000)
  eden space 1165312K, 0% used [0x00000006eab00000,0x00000006eab00000,0x0000000731d00000)
  from space 1164800K, 72% used [0x0000000778e80000,0x00000007ac548110,0x00000007c0000000)
  to   space 1164800K, 0% used [0x0000000731d00000,0x0000000731d00000,0x0000000778e80000)
 ParOldGen       total 6014464K, used 5703700K [0x0000000540000000, 0x00000006af180000, 0x00000006eab00000)
  object space 6014464K, 94% used [0x0000000540000000,0x000000069c205370,0x00000006af180000)
 Metaspace       used 59711K, capacity 60296K, committed 60632K, reserved 1101824K
  class space    used 8684K, capacity 8839K, committed 8960K, reserved 1048576K

