# JRE version: Java(TM) SE Runtime Environment (8.0_121-b13) (build 1.8.0_121-b13)
# Java VM: Java HotSpot(TM) 64-Bit Server VM (25.121-b13 mixed mode linux-amd64 compressed oops)
Heap:
 PSYoungGen      total 2330112K, used 0K [0x00000006eab00000, 0x00000007c0000000, 0x00000007c0000000)
  eden space 1165312K, 0% used [0x00000006eab00000,0x00000006eab00000,0x0000000731d00000)
  from space 1164800K, 0% used [0x0000000778e80000,0x0000000778e80000,0x00000007c0000000)
  to   space 1164800K, 0% used [0x0000000731d00000,0x0000000731d00000,0x0000000778e80000)
 ParOldGen       total 4006400K, used 2877026K [0x0000000540000000, 0x0000000634880000, 0x00000006eab00000)
  object space 4006400K, 71% used [0x0000000540000000,0x00000005ef998908,0x0000000634880000)
 Metaspace       used 59693K, capacity 60228K, committed 60504K, reserved 1101824K
  class space    used 8682K, capacity 8829K, committed 8832K, reserved 1048576K
GC Heap History (10 events):
Event: 94.431 GC heap after
Heap after GC invocations=27 (full 8):
 PSYoungGen      total 2330112K, used 942340K [0x00000006eab00000, 0x00000007c0000000, 0x00000007c0000000)
  eden space 1165312K, 0% used [0x00000006eab00000,0x00000006eab00000,0x0000000731d00000)
  from space 1164800K, 80% used [0x0000000731d00000,0x000000076b541270,0x0000000778e80000)
  to   space 1164800K, 0% used [0x0000000778e80000,0x0000000778e80000,0x00000007c0000000)
 ParOldGen       total 4599296K, used 3347777K [0x0000000540000000, 0x0000000658b80000, 0x00000006eab00000)
  object space 4599296K, 72% used [0x0000000540000000,0x000000060c5504d8,0x0000000658b80000)
 Metaspace       used 59679K, capacity 60228K, committed 60504K, reserved 1101824K
  class space    used 8682K, capacity 8829K, committed 8832K, reserved 1048576K
}
Event: 94.431 GC heap before
{Heap before GC invocations=28 (full 9):
 PSYoungGen      total 2330112K, used 942340K [0x00000006eab00000, 0x00000007c0000000, 0x00000007c0000000)
  eden space 1165312K, 0% used [0x00000006eab00000,0x00000006eab00000,0x0000000731d00000)
  from space 1164800K, 80% used [0x0000000731d00000,0x000000076b541270,0x0000000778e80000)
  to   space 1164800K, 0% used [0x0000000778e80000,0x0000000778e80000,0x00000007c0000000)
 ParOldGen       total 4599296K, used 3347777K [0x0000000540000000, 0x0000000658b80000, 0x00000006eab00000)
  object space 4599296K, 72% used [0x0000000540000000,0x000000060c5504d8,0x0000000658b80000)
 Metaspace       used 59679K, capacity 60228K, committed 60504K, reserved 1101824K
  class space    used 8682K, capacity 8829K, committed 8832K, reserved 1048576K
Event: 96.744 GC heap after
Heap after GC invocations=28 (full 9):
 PSYoungGen      total 2330112K, used 0K [0x00000006eab00000, 0x00000007c0000000, 0x00000007c0000000)
  eden space 1165312K, 0% used [0x00000006eab00000,0x00000006eab00000,0x0000000731d00000)
  from space 1164800K, 0% used [0x0000000731d00000,0x0000000731d00000,0x0000000778e80000)
  to   space 1164800K, 0% used [0x0000000778e80000,0x0000000778e80000,0x00000007c0000000)
 ParOldGen       total 4006400K, used 521492K [0x0000000540000000, 0x0000000634880000, 0x00000006eab00000)
  object space 4006400K, 13% used [0x0000000540000000,0x000000055fd45220,0x0000000634880000)
 Metaspace       used 59679K, capacity 60228K, committed 60504K, reserved 1101824K
  class space    used 8682K, capacity 8829K, committed 8832K, reserved 1048576K
}
Event: 103.479 GC heap before
{Heap before GC invocations=29 (full 9):
 PSYoungGen      total 2330112K, used 1165312K [0x00000006eab00000, 0x00000007c0000000, 0x00000007c0000000)
  eden space 1165312K, 100% used [0x00000006eab00000,0x0000000731d00000,0x0000000731d00000)
  from space 1164800K, 0% used [0x0000000731d00000,0x0000000731d00000,0x0000000778e80000)
  to   space 1164800K, 0% used [0x0000000778e80000,0x0000000778e80000,0x00000007c0000000)
 ParOldGen       total 4006400K, used 521492K [0x0000000540000000, 0x0000000634880000, 0x00000006eab00000)
  object space 4006400K, 13% used [0x0000000540000000,0x000000055fd45220,0x0000000634880000)
 Metaspace       used 59690K, capacity 60228K, committed 60504K, reserved 1101824K
  class space    used 8682K, capacity 8829K, committed 8832K, reserved 1048576K
Event: 106.543 GC heap after
Heap after GC invocations=29 (full 9):
 PSYoungGen      total 2330112K, used 1164790K [0x00000006eab00000, 0x00000007c0000000, 0x00000007c0000000)
  eden space 1165312K, 0% used [0x00000006eab00000,0x00000006eab00000,0x0000000731d00000)
  from space 1164800K, 99% used [0x0000000778e80000,0x00000007bfffd990,0x00000007c0000000)
  to   space 1164800K, 0% used [0x0000000731d00000,0x0000000731d00000,0x0000000778e80000)
 ParOldGen       total 4006400K, used 972531K [0x0000000540000000, 0x0000000634880000, 0x00000006eab00000)
  object space 4006400K, 24% used [0x0000000540000000,0x000000057b5bcc20,0x0000000634880000)
 Metaspace       used 59690K, capacity 60228K, committed 60504K, reserved 1101824K
  class space    used 8682K, capacity 8829K, committed 8832K, reserved 1048576K
}
Event: 106.789 GC heap before
{Heap before GC invocations=30 (full 9):
 PSYoungGen      total 2330112K, used 1927157K [0x00000006eab00000, 0x00000007c0000000, 0x00000007c0000000)
  eden space 1165312K, 65% used [0x00000006eab00000,0x000000071937fe28,0x0000000731d00000)
  from space 1164800K, 99% used [0x0000000778e80000,0x00000007bfffd990,0x00000007c0000000)
  to   space 1164800K, 0% used [0x0000000731d00000,0x0000000731d00000,0x0000000778e80000)
 ParOldGen       total 4006400K, used 972531K [0x0000000540000000, 0x0000000634880000, 0x00000006eab00000)
  object space 4006400K, 24% used [0x0000000540000000,0x000000057b5bcc20,0x0000000634880000)
 Metaspace       used 59692K, capacity 60228K, committed 60504K, reserved 1101824K
  class space    used 8682K, capacity 8829K, committed 8832K, reserved 1048576K
Event: 107.900 GC heap after
Heap after GC invocations=30 (full 9):
 PSYoungGen      total 2330112K, used 740357K [0x00000006eab00000, 0x00000007c0000000, 0x00000007c0000000)
  eden space 1165312K, 0% used [0x00000006eab00000,0x00000006eab00000,0x0000000731d00000)
  from space 1164800K, 63% used [0x0000000731d00000,0x000000075f001670,0x0000000778e80000)
  to   space 1164800K, 0% used [0x0000000778e80000,0x0000000778e80000,0x00000007c0000000)
 ParOldGen       total 4006400K, used 2136906K [0x0000000540000000, 0x0000000634880000, 0x00000006eab00000)
  object space 4006400K, 53% used [0x0000000540000000,0x00000005c26d28f0,0x0000000634880000)
 Metaspace       used 59692K, capacity 60228K, committed 60504K, reserved 1101824K
  class space    used 8682K, capacity 8829K, committed 8832K, reserved 1048576K
}
Event: 108.452 GC heap before
{Heap before GC invocations=31 (full 9):
 PSYoungGen      total 2330112K, used 1905669K [0x00000006eab00000, 0x00000007c0000000, 0x00000007c0000000)
  eden space 1165312K, 100% used [0x00000006eab00000,0x0000000731d00000,0x0000000731d00000)
  from space 1164800K, 63% used [0x0000000731d00000,0x000000075f001670,0x0000000778e80000)
  to   space 1164800K, 0% used [0x0000000778e80000,0x0000000778e80000,0x00000007c0000000)
 ParOldGen       total 4006400K, used 2136906K [0x0000000540000000, 0x0000000634880000, 0x00000006eab00000)
  object space 4006400K, 53% used [0x0000000540000000,0x00000005c26d28f0,0x0000000634880000)
 Metaspace       used 59693K, capacity 60228K, committed 60504K, reserved 1101824K
  class space    used 8682K, capacity 8829K, committed 8832K, reserved 1048576K
Event: 109.319 GC heap after
Heap after GC invocations=31 (full 9):
 PSYoungGen      total 2330112K, used 471099K [0x00000006eab00000, 0x00000007c0000000, 0x00000007c0000000)
  eden space 1165312K, 0% used [0x00000006eab00000,0x00000006eab00000,0x0000000731d00000)
  from space 1164800K, 40% used [0x0000000778e80000,0x0000000795a8ef30,0x00000007c0000000)
  to   space 1164800K, 0% used [0x0000000731d00000,0x0000000731d00000,0x0000000778e80000)
 ParOldGen       total 4006400K, used 2877175K [0x0000000540000000, 0x0000000634880000, 0x00000006eab00000)
  object space 4006400K, 71% used [0x0000000540000000,0x00000005ef9bdf60,0x0000000634880000)
 Metaspace       used 59693K, capacity 60228K, committed 60504K, reserved 1101824K
  class space    used 8682K, capacity 8829K, committed 8832K, reserved 1048576K
}
Event: 109.319 GC heap before
{Heap before GC invocations=32 (full 10):
 PSYoungGen      total 2330112K, used 471099K [0x00000006eab00000, 0x00000007c0000000, 0x00000007c0000000)
  eden space 1165312K, 0% used [0x00000006eab00000,0x00000006eab00000,0x0000000731d00000)
  from space 1164800K, 40% used [0x0000000778e80000,0x0000000795a8ef30,0x00000007c0000000)
  to   space 1164800K, 0% used [0x0000000731d00000,0x0000000731d00000,0x0000000778e80000)
 ParOldGen       total 4006400K, used 2877175K [0x0000000540000000, 0x0000000634880000, 0x00000006eab00000)
  object space 4006400K, 71% used [0x0000000540000000,0x00000005ef9bdf60,0x0000000634880000)
 Metaspace       used 59693K, capacity 60228K, committed 60504K, reserved 1101824K
  class space    used 8682K, capacity 8829K, committed 8832K, reserved 1048576K

