# JRE version: Java(TM) SE Runtime Environment (8.0_121-b13) (build 1.8.0_121-b13)
# Java VM: Java HotSpot(TM) 64-Bit Server VM (25.121-b13 mixed mode linux-amd64 compressed oops)
Heap:
 PSYoungGen      total 2330112K, used 0K [0x00000006eab00000, 0x00000007c0000000, 0x00000007c0000000)
  eden space 1165312K, 0% used [0x00000006eab00000,0x00000006eab00000,0x0000000731d00000)
  from space 1164800K, 0% used [0x0000000731d00000,0x0000000731d00000,0x0000000778e80000)
  to   space 1164800K, 0% used [0x0000000778e80000,0x0000000778e80000,0x00000007c0000000)
 ParOldGen       total 4576256K, used 2878122K [0x0000000540000000, 0x0000000657500000, 0x00000006eab00000)
  object space 4576256K, 62% used [0x0000000540000000,0x00000005efaaa9c0,0x0000000657500000)
 Metaspace       used 61519K, capacity 62276K, committed 62424K, reserved 1101824K
  class space    used 8974K, capacity 9153K, committed 9216K, reserved 1048576K
GC Heap History (10 events):
Event: 425.144 GC heap after
Heap after GC invocations=48 (full 12):
 PSYoungGen      total 2330112K, used 473212K [0x00000006eab00000, 0x00000007c0000000, 0x00000007c0000000)
  eden space 1165312K, 0% used [0x00000006eab00000,0x00000006eab00000,0x0000000731d00000)
  from space 1164800K, 40% used [0x0000000778e80000,0x0000000795c9f008,0x00000007c0000000)
  to   space 1164800K, 0% used [0x0000000731d00000,0x0000000731d00000,0x0000000778e80000)
 ParOldGen       total 5906432K, used 4290300K [0x0000000540000000, 0x00000006a8800000, 0x00000006eab00000)
  object space 5906432K, 72% used [0x0000000540000000,0x0000000645dbf038,0x00000006a8800000)
 Metaspace       used 61230K, capacity 61956K, committed 62168K, reserved 1101824K
  class space    used 8912K, capacity 9089K, committed 9216K, reserved 1048576K
}
Event: 425.144 GC heap before
{Heap before GC invocations=49 (full 13):
 PSYoungGen      total 2330112K, used 473212K [0x00000006eab00000, 0x00000007c0000000, 0x00000007c0000000)
  eden space 1165312K, 0% used [0x00000006eab00000,0x00000006eab00000,0x0000000731d00000)
  from space 1164800K, 40% used [0x0000000778e80000,0x0000000795c9f008,0x00000007c0000000)
  to   space 1164800K, 0% used [0x0000000731d00000,0x0000000731d00000,0x0000000778e80000)
 ParOldGen       total 5906432K, used 4290300K [0x0000000540000000, 0x00000006a8800000, 0x00000006eab00000)
  object space 5906432K, 72% used [0x0000000540000000,0x0000000645dbf038,0x00000006a8800000)
 Metaspace       used 61230K, capacity 61956K, committed 62168K, reserved 1101824K
  class space    used 8912K, capacity 9089K, committed 9216K, reserved 1048576K
Event: 435.691 GC heap after
Heap after GC invocations=49 (full 13):
 PSYoungGen      total 2330112K, used 0K [0x00000006eab00000, 0x00000007c0000000, 0x00000007c0000000)
  eden space 1165312K, 0% used [0x00000006eab00000,0x00000006eab00000,0x0000000731d00000)
  from space 1164800K, 0% used [0x0000000778e80000,0x0000000778e80000,0x00000007c0000000)
  to   space 1164800K, 0% used [0x0000000731d00000,0x0000000731d00000,0x0000000778e80000)
 ParOldGen       total 4576256K, used 523292K [0x0000000540000000, 0x0000000657500000, 0x00000006eab00000)
  object space 4576256K, 11% used [0x0000000540000000,0x000000055ff07340,0x0000000657500000)
 Metaspace       used 61222K, capacity 61944K, committed 62168K, reserved 1101824K
  class space    used 8911K, capacity 9087K, committed 9216K, reserved 1048576K
}
Event: 438.944 GC heap before
{Heap before GC invocations=50 (full 13):
 PSYoungGen      total 2330112K, used 1034571K [0x00000006eab00000, 0x00000007c0000000, 0x00000007c0000000)
  eden space 1165312K, 88% used [0x00000006eab00000,0x0000000729d52e68,0x0000000731d00000)
  from space 1164800K, 0% used [0x0000000778e80000,0x0000000778e80000,0x00000007c0000000)
  to   space 1164800K, 0% used [0x0000000731d00000,0x0000000731d00000,0x0000000778e80000)
 ParOldGen       total 4576256K, used 523292K [0x0000000540000000, 0x0000000657500000, 0x00000006eab00000)
  object space 4576256K, 11% used [0x0000000540000000,0x000000055ff07340,0x0000000657500000)
 Metaspace       used 61511K, capacity 62276K, committed 62424K, reserved 1101824K
  class space    used 8974K, capacity 9153K, committed 9216K, reserved 1048576K
Event: 441.626 GC heap after
Heap after GC invocations=50 (full 13):
 PSYoungGen      total 2330112K, used 942972K [0x00000006eab00000, 0x00000007c0000000, 0x00000007c0000000)
  eden space 1165312K, 0% used [0x00000006eab00000,0x00000006eab00000,0x0000000731d00000)
  from space 1164800K, 80% used [0x0000000731d00000,0x000000076b5df150,0x0000000778e80000)
  to   space 1164800K, 0% used [0x0000000778e80000,0x0000000778e80000,0x00000007c0000000)
 ParOldGen       total 4576256K, used 523292K [0x0000000540000000, 0x0000000657500000, 0x00000006eab00000)
  object space 4576256K, 11% used [0x0000000540000000,0x000000055ff07340,0x0000000657500000)
 Metaspace       used 61511K, capacity 62276K, committed 62424K, reserved 1101824K
  class space    used 8974K, capacity 9153K, committed 9216K, reserved 1048576K
}
Event: 442.364 GC heap before
{Heap before GC invocations=51 (full 13):
 PSYoungGen      total 2330112K, used 2108284K [0x00000006eab00000, 0x00000007c0000000, 0x00000007c0000000)
  eden space 1165312K, 100% used [0x00000006eab00000,0x0000000731d00000,0x0000000731d00000)
  from space 1164800K, 80% used [0x0000000731d00000,0x000000076b5df150,0x0000000778e80000)
  to   space 1164800K, 0% used [0x0000000778e80000,0x0000000778e80000,0x00000007c0000000)
 ParOldGen       total 4576256K, used 523292K [0x0000000540000000, 0x0000000657500000, 0x00000006eab00000)
  object space 4576256K, 11% used [0x0000000540000000,0x000000055ff07340,0x0000000657500000)
 Metaspace       used 61513K, capacity 62276K, committed 62424K, reserved 1101824K
  class space    used 8974K, capacity 9153K, committed 9216K, reserved 1048576K
Event: 449.010 GC heap after
Heap after GC invocations=51 (full 13):
 PSYoungGen      total 2330112K, used 874985K [0x00000006eab00000, 0x00000007c0000000, 0x00000007c0000000)
  eden space 1165312K, 0% used [0x00000006eab00000,0x00000006eab00000,0x0000000731d00000)
  from space 1164800K, 75% used [0x0000000778e80000,0x00000007ae4fa710,0x00000007c0000000)
  to   space 1164800K, 0% used [0x0000000731d00000,0x0000000731d00000,0x0000000778e80000)
 ParOldGen       total 4576256K, used 1937091K [0x0000000540000000, 0x0000000657500000, 0x00000006eab00000)
  object space 4576256K, 42% used [0x0000000540000000,0x00000005b63b0da0,0x0000000657500000)
 Metaspace       used 61513K, capacity 62276K, committed 62424K, reserved 1101824K
  class space    used 8974K, capacity 9153K, committed 9216K, reserved 1048576K
}
Event: 449.390 GC heap before
{Heap before GC invocations=52 (full 13):
 PSYoungGen      total 2330112K, used 1670621K [0x00000006eab00000, 0x00000007c0000000, 0x00000007c0000000)
  eden space 1165312K, 68% used [0x00000006eab00000,0x000000071b3fcd58,0x0000000731d00000)
  from space 1164800K, 75% used [0x0000000778e80000,0x00000007ae4fa710,0x00000007c0000000)
  to   space 1164800K, 0% used [0x0000000731d00000,0x0000000731d00000,0x0000000778e80000)
 ParOldGen       total 4576256K, used 1937091K [0x0000000540000000, 0x0000000657500000, 0x00000006eab00000)
  object space 4576256K, 42% used [0x0000000540000000,0x00000005b63b0da0,0x0000000657500000)
 Metaspace       used 61519K, capacity 62276K, committed 62424K, reserved 1101824K
  class space    used 8974K, capacity 9153K, committed 9216K, reserved 1048576K
Event: 450.985 GC heap after
Heap after GC invocations=52 (full 13):
 PSYoungGen      total 2330112K, used 538741K [0x00000006eab00000, 0x00000007c0000000, 0x00000007c0000000)
  eden space 1165312K, 0% used [0x00000006eab00000,0x00000006eab00000,0x0000000731d00000)
  from space 1164800K, 46% used [0x0000000731d00000,0x0000000752b1d490,0x0000000778e80000)
  to   space 1164800K, 0% used [0x0000000778e80000,0x0000000778e80000,0x00000007c0000000)
 ParOldGen       total 4576256K, used 2811806K [0x0000000540000000, 0x0000000657500000, 0x00000006eab00000)
  object space 4576256K, 61% used [0x0000000540000000,0x00000005eb9e7ab0,0x0000000657500000)
 Metaspace       used 61519K, capacity 62276K, committed 62424K, reserved 1101824K
  class space    used 8974K, capacity 9153K, committed 9216K, reserved 1048576K
}
Event: 450.985 GC heap before
{Heap before GC invocations=53 (full 14):
 PSYoungGen      total 2330112K, used 538741K [0x00000006eab00000, 0x00000007c0000000, 0x00000007c0000000)
  eden space 1165312K, 0% used [0x00000006eab00000,0x00000006eab00000,0x0000000731d00000)
  from space 1164800K, 46% used [0x0000000731d00000,0x0000000752b1d490,0x0000000778e80000)
  to   space 1164800K, 0% used [0x0000000778e80000,0x0000000778e80000,0x00000007c0000000)
 ParOldGen       total 4576256K, used 2811806K [0x0000000540000000, 0x0000000657500000, 0x00000006eab00000)
  object space 4576256K, 61% used [0x0000000540000000,0x00000005eb9e7ab0,0x0000000657500000)
 Metaspace       used 61519K, capacity 62276K, committed 62424K, reserved 1101824K
  class space    used 8974K, capacity 9153K, committed 9216K, reserved 1048576K

